2023-03-15 14:40:05,141 - pyswarms.single.global_best - INFO - Optimize for 200 iters with {'c1': 0.5, 'c2': 0.3, 'w': 0.9}
2023-03-15 14:40:05,167 - pyswarms.single.global_best - INFO - Optimization finished | best cost: 7.443866512948163e-12, best pos: [-2.05875652e-06  1.79035977e-06]
2023-03-15 14:40:17,008 - pyswarms.single.global_best - INFO - Optimize for 50 iters with {'c1': 0.5, 'c2': 0.3, 'w': 0.5}
2023-03-15 14:40:17,017 - pyswarms.single.global_best - INFO - Optimization finished | best cost: 6.098504070224e-16, best pos: [-2.44167841e-08  3.69743976e-09]
2023-03-15 14:40:19,023 - matplotlib.animation - INFO - Animation.save using <class 'matplotlib.animation.ImageMagickWriter'>
2023-03-15 14:40:19,024 - matplotlib.animation - INFO - MovieWriter._run: running command: convert -size 1000x800 -depth 8 -delay 10.0 -loop 0 rgba:- -layers OptimizePlus plot0.gif
2023-03-15 15:29:27,208 - pyswarms.single.global_best - INFO - Optimize for 1000 iters with {'c1': 0.5, 'c2': 0.3, 'w': 0.9}
2023-03-15 15:29:27,323 - pyswarms.single.global_best - INFO - Optimization finished | best cost: 2.883398169806444e-42, best pos: [ 1.44548068e-21 -8.91057676e-22]
2023-03-15 15:36:01,266 - pyswarms.single.global_best - INFO - Optimize for 1000 iters with {'c1': 0.5, 'c2': 0.3, 'w': 0.9}
2023-03-15 15:36:01,401 - pyswarms.single.global_best - INFO - Optimization finished | best cost: 3.7786092894643593e-44, best pos: [ 5.64725122e-23 -1.86002549e-22]
2023-03-15 15:36:50,516 - pyswarms.single.global_best - INFO - Optimize for 1000 iters with {'c1': 0.5, 'c2': 0.3, 'w': 0.9}
2023-03-15 15:36:50,642 - pyswarms.single.global_best - INFO - Optimization finished | best cost: 1.039464171236903e-45, best pos: [-4.89325185e-24 -3.18672286e-23]
2023-03-21 18:03:20,674 - pyswarms.single.global_best - INFO - Optimize for 1000 iters with {'c1': 0.5, 'c2': 0.3, 'w': 0.9}
2023-03-21 18:03:20,751 - pyswarms.single.global_best - INFO - Optimization finished | best cost: 4.5018791869304723e-32, best pos: [ 2.00998385e-17  7.51374502e-18  4.79852755e-18  5.69544291e-18
  2.10935995e-16 -2.97890627e-18]
2023-03-21 18:03:37,674 - pyswarms.single.global_best - INFO - Optimize for 1000 iters with {'c1': 0.5, 'c2': 0.3, 'w': 0.9}
2023-03-21 18:03:37,734 - pyswarms.single.global_best - INFO - Optimization finished | best cost: 4.913596410113883e-44, best pos: [-1.86005222e-23 -2.20884551e-22]
2023-03-21 18:09:01,454 - pyswarms.single.global_best - INFO - Optimize for 100 iters with {'c1': 0.5, 'c2': 0.3, 'w': 0.9}
2023-03-21 18:09:01,466 - pyswarms.single.global_best - INFO - Optimization finished | best cost: -2.7580603447367036, best pos: [0.69900702 0.70598528 0.90776149 0.99131928 0.34341544 0.54406641]
2023-03-21 18:10:44,391 - pyswarms.single.global_best - INFO - Optimize for 100 iters with {'c1': 0.5, 'c2': 0.3, 'w': 0.9}
2023-03-21 18:10:44,404 - pyswarms.single.global_best - INFO - Optimization finished | best cost: -2.758853641312231, best pos: [0.62719046 0.61453508 0.868422   0.99576315 0.30272566 0.10910054]
2023-03-21 19:18:57,289 - pyswarms.single.global_best - INFO - Optimize for 100 iters with {'c1': 0.5, 'c2': 0.3, 'w': 0.9}
2023-03-21 19:18:57,301 - pyswarms.single.global_best - INFO - Optimization finished | best cost: -2.7338390899856515, best pos: [0.45006718 0.62546562 0.93531394 0.9989852  0.11453114 0.25194834]
2023-03-21 19:19:16,291 - pyswarms.single.global_best - INFO - Optimize for 1000 iters with {'c1': 0.5, 'c2': 0.3, 'w': 0.9}
2023-03-21 19:19:16,380 - pyswarms.single.global_best - INFO - Optimization finished | best cost: -2.8046979809738235, best pos: [0.65205888 0.56611646 0.95963013 0.98199966 0.08282897 0.52322152]
2023-03-22 09:24:14,618 - pyswarms.single.global_best - INFO - Optimize for 1000 iters with {'c1': 0.5, 'c2': 0.3, 'w': 0.9}
2023-03-22 09:24:14,724 - pyswarms.single.global_best - INFO - Optimization finished | best cost: -2.8054886161509964, best pos: [0.69823155 0.65315728 0.99997886 0.96776084 0.6940711  0.27305967]
2023-03-22 14:07:01,514 - pyswarms.single.global_best - INFO - Optimize for 1000 iters with {'c1': 0.5, 'c2': 0.3, 'w': 0.9}
2023-03-22 14:07:01,665 - pyswarms.single.global_best - INFO - Optimization finished | best cost: -2.8104530500086384, best pos: [0.75515135 0.68678997 0.98054471 0.96681266 0.32303114 0.18552911]
2023-03-22 14:23:11,685 - pyswarms.single.global_best - INFO - Optimize for 1000 iters with {'c1': 0.5, 'c2': 0.3, 'w': 0.9}
2023-03-22 14:24:28,630 - pyswarms.single.global_best - INFO - Optimize for 1000 iters with {'c1': 0.5, 'c2': 0.3, 'w': 0.9}
2023-03-22 14:24:35,136 - pyswarms.single.global_best - INFO - Optimize for 1000 iters with {'c1': 0.5, 'c2': 0.3, 'w': 0.9}
2023-03-22 14:27:56,664 - pyswarms.single.global_best - INFO - Optimize for 1000 iters with {'c1': 0.5, 'c2': 0.3, 'w': 0.9}
2023-03-22 14:29:04,024 - pyswarms.single.global_best - INFO - Optimize for 1000 iters with {'c1': 0.5, 'c2': 0.3, 'w': 0.9}
2023-03-22 14:30:03,359 - pyswarms.single.global_best - INFO - Optimize for 1000 iters with {'c1': 0.5, 'c2': 0.3, 'w': 0.9}
2023-03-22 14:30:42,496 - pyswarms.single.global_best - INFO - Optimize for 1000 iters with {'c1': 0.5, 'c2': 0.3, 'w': 0.9}
2023-03-22 14:30:42,585 - pyswarms.single.global_best - INFO - Optimization finished | best cost: -2.797378191722217, best pos: [0.5985451  0.50439602 0.99495139 0.99212041 0.38702569 0.63567347]
2023-03-22 14:32:06,628 - pyswarms.single.global_best - INFO - Optimize for 1000 iters with {'c1': 0.5, 'c2': 0.3, 'w': 0.9}
2023-03-22 14:32:06,722 - pyswarms.single.global_best - INFO - Optimization finished | best cost: -2.809548215718241, best pos: [0.545633   0.55324527 0.99413424 0.9612427  0.39980444 0.2442995 ]
2023-03-22 14:33:00,458 - pyswarms.backend.generators - ERROR - Bounds and/or init_pos should be of size (2,)
Traceback (most recent call last):
  File "C:\Users\Mati\AppData\Local\Programs\Python\Python310\lib\site-packages\pyswarms\backend\generators.py", line 81, in generate_swarm
    pos = center * np.random.uniform(
  File "mtrand.pyx", line 1154, in numpy.random.mtrand.RandomState.uniform
  File "_common.pyx", line 600, in numpy.random._common.cont
  File "_common.pyx", line 517, in numpy.random._common.cont_broadcast_2
  File "__init__.pxd", line 741, in numpy.PyArray_MultiIterNew3
ValueError: shape mismatch: objects cannot be broadcast to a single shape.  Mismatch is between arg 0 with shape (10, 2) and arg 1 with shape (10, 6).
2023-03-22 14:33:29,188 - pyswarms.single.global_best - INFO - Optimize for 1000 iters with {'c1': 0.5, 'c2': 0.3, 'w': 0.9}
2023-03-22 14:33:29,298 - pyswarms.single.global_best - INFO - Optimization finished | best cost: -2.832384375817563, best pos: [0.60479458 0.54392354 0.99226053 0.99686266 0.19361088 0.32319291]
2023-03-22 14:37:58,025 - pyswarms.single.global_best - INFO - Optimize for 1000 iters with {'c1': 0.5, 'c2': 0.3, 'w': 0.9}
2023-03-22 14:37:58,140 - pyswarms.single.global_best - INFO - Optimization finished | best cost: -2.808583704271626, best pos: [0.43926242 0.40063016 0.96082306 0.98230381 0.01126023 0.35245213]
2023-03-22 14:38:30,438 - pyswarms.single.global_best - INFO - Optimize for 1000 iters with {'c1': 0.5, 'c2': 0.3, 'w': 0.9}
2023-03-22 14:38:30,530 - pyswarms.single.global_best - INFO - Optimization finished | best cost: -2.8223814533536395, best pos: [0.25565264 0.285414   0.98970886 0.97943556 0.24852351 0.02844111]
2023-03-22 14:38:37,850 - pyswarms.single.global_best - INFO - Optimize for 1000 iters with {'c1': 0.5, 'c2': 0.3, 'w': 0.9}
2023-03-22 14:38:37,950 - pyswarms.single.global_best - INFO - Optimization finished | best cost: -2.828491723448843, best pos: [0.50426167 0.48074988 0.99709905 0.98153947 0.43083544 0.11674926]
2023-03-22 14:38:50,942 - pyswarms.single.global_best - INFO - Optimize for 1000 iters with {'c1': 0.5, 'c2': 0.3, 'w': 0.9}
2023-03-22 14:38:51,043 - pyswarms.single.global_best - INFO - Optimization finished | best cost: -2.797324531220861, best pos: [0.49331886 0.43751968 0.98768898 0.966765   0.44221218 0.40906809]
2023-03-22 14:39:09,942 - pyswarms.single.global_best - INFO - Optimize for 1000 iters with {'c1': 0.5, 'c2': 0.3, 'w': 0.9}
2023-03-22 14:39:10,048 - pyswarms.single.global_best - INFO - Optimization finished | best cost: -2.808145458762317, best pos: [0.64781005 0.61842328 0.99302751 0.95974881 0.40363313 0.28470506]
2023-03-22 14:39:18,674 - pyswarms.single.global_best - INFO - Optimize for 1000 iters with {'c1': 0.5, 'c2': 0.3, 'w': 0.9}
2023-03-22 14:39:18,768 - pyswarms.single.global_best - INFO - Optimization finished | best cost: -2.808650837349669, best pos: [0.25183623 0.33488678 0.98494139 0.98321323 0.22088429 0.1754129 ]
2023-03-22 14:40:47,070 - pyswarms.single.global_best - INFO - Optimize for 1000 iters with {'c1': 0.5, 'c2': 0.3, 'w': 0.9}
2023-03-22 14:40:47,163 - pyswarms.single.global_best - INFO - Optimization finished | best cost: -2.812402519511296, best pos: [0.58030662 0.54723873 0.96792096 0.99195346 0.24128237 0.48583823]
2023-03-22 14:41:37,964 - pyswarms.single.global_best - INFO - Optimize for 1000 iters with {'c1': 0.5, 'c2': 0.3, 'w': 0.9}
2023-03-22 14:41:38,051 - pyswarms.single.global_best - INFO - Optimization finished | best cost: -2.82829446984286, best pos: [0.60141543 0.6146144  0.99380233 0.99924288 0.19933635 0.48390674]
